<?xml version="1.0" encoding="UTF-8"?>
<testng-results ignored="1" total="2" passed="1" failed="0" skipped="0">
  <reporter-output>
  </reporter-output>
  <suite started-at="2022-04-15T10:38:14 IST" name="Default suite" finished-at="2022-04-15T10:38:33 IST" duration-ms="18908">
    <groups>
    </groups>
    <test started-at="2022-04-15T10:38:14 IST" name="Default test" finished-at="2022-04-15T10:38:33 IST" duration-ms="18908">
      <class name="test.GooglePageTest">
        <test-method is-config="true" signature="beforeTest()[pri:0, instance:test.GooglePageTest@306f16f3]" started-at="2022-04-15T10:38:14 IST" name="beforeTest" finished-at="2022-04-15T10:38:17 IST" duration-ms="3484" status="PASS">
          <reporter-output>
          </reporter-output>
        </test-method> <!-- beforeTest -->
        <test-method signature="loginTest()[pri:0, instance:test.GooglePageTest@306f16f3]" started-at="2022-04-15T10:38:17 IST" name="loginTest" finished-at="2022-04-15T10:38:33 IST" duration-ms="15402" status="PASS">
          <reporter-output>
          </reporter-output>
        </test-method> <!-- loginTest -->
        <test-method is-config="true" signature="afterTest()[pri:0, instance:test.GooglePageTest@306f16f3]" started-at="2022-04-15T10:38:33 IST" name="afterTest" finished-at="2022-04-15T10:38:33 IST" duration-ms="1" status="PASS">
          <reporter-output>
          </reporter-output>
        </test-method> <!-- afterTest -->
      </class> <!-- test.GooglePageTest -->
    </test> <!-- Default test -->
  </suite> <!-- Default suite -->
</testng-results>
